<?xml version="1.0" encoding="UTF-8"?>
<!-- Generated by org.testng.reporters.JUnitReportReporter -->
<testsuite hostname="BDC8-L-13447R1" failures="0" tests="4" name="Project.APIAutoTest" time="3.195" errors="0" timestamp="2023-04-14T13:57:06 IST" skipped="0">
  <testcase classname="Project.APIAutoTest" name="putApiAutoTest" time="0.800"/>
  <system-out/>
  <testcase classname="Project.APIAutoTest" name="deletApiAutoTest" time="0.393"/>
  <system-out/>
  <testcase classname="Project.APIAutoTest" name="PostApiAutoTest" time="1.947"/>
  <system-out/>
  <testcase classname="Project.APIAutoTest" name="getApiAutoTest" time="0.055"/>
  <system-out/>
</testsuite> <!-- Project.APIAutoTest -->
